Checking whether the CXX compiler is IAR using "" did not match "IAR .+ Compiler":
Checking whether the CXX compiler is IAR using "" did not match "IAR .+ Compiler":
Checking whether the CXX compiler is IAR using "" did not match "IAR .+ Compiler":
Checking whether the CXX compiler is IAR using "" did not match "IAR .+ Compiler":
Checking whether the CXX compiler is IAR using "" did not match "IAR .+ Compiler":
Checking whether the CXX compiler is IAR using "" did not match "IAR .+ Compiler":
Checking whether the CXX compiler is IAR using "" did not match "IAR .+ Compiler":
Checking whether the CXX compiler is IAR using "" did not match "IAR .+ Compiler":
Checking whether the CXX compiler is IAR using "" did not match "IAR .+ Compiler":
Checking whether the CXX compiler is IAR using "" did not match "IAR .+ Compiler":
Checking whether the CXX compiler is IAR using "" did not match "IAR .+ Compiler":
Checking whether the CXX compiler is IAR using "" did not match "IAR .+ Compiler":
Determining if the kqueue exist failed with the following output:
Change Dir: /home/lukas/git/notsureyet/client/target/debug/build/libzmq-sys-6233d8a1394670a2/out/build/CMakeFiles/CMakeScratch/TryCompile-DrT4zU

Run Build Command(s):/usr/bin/gmake -f Makefile cmTC_92b93/fast && /usr/bin/gmake  -f CMakeFiles/cmTC_92b93.dir/build.make CMakeFiles/cmTC_92b93.dir/build
gmake[1]: Entering directory '/home/lukas/git/notsureyet/client/target/debug/build/libzmq-sys-6233d8a1394670a2/out/build/CMakeFiles/CMakeScratch/TryCompile-DrT4zU'
Building CXX object CMakeFiles/cmTC_92b93.dir/CheckSymbolExists.cxx.o
/usr/bin/c++   -ffunction-sections -fdata-sections -fPIC -m64 -std=gnu++11 -Wno-tautological-constant-compare  -o CMakeFiles/cmTC_92b93.dir/CheckSymbolExists.cxx.o -c /home/lukas/git/notsureyet/client/target/debug/build/libzmq-sys-6233d8a1394670a2/out/build/CMakeFiles/CMakeScratch/TryCompile-DrT4zU/CheckSymbolExists.cxx
/home/lukas/git/notsureyet/client/target/debug/build/libzmq-sys-6233d8a1394670a2/out/build/CMakeFiles/CMakeScratch/TryCompile-DrT4zU/CheckSymbolExists.cxx:2:10: fatal error: sys/event.h: No such file or directory
    2 | #include <sys/event.h>
      |          ^~~~~~~~~~~~~
compilation terminated.
gmake[1]: *** [CMakeFiles/cmTC_92b93.dir/build.make:78: CMakeFiles/cmTC_92b93.dir/CheckSymbolExists.cxx.o] Error 1
gmake[1]: Leaving directory '/home/lukas/git/notsureyet/client/target/debug/build/libzmq-sys-6233d8a1394670a2/out/build/CMakeFiles/CMakeScratch/TryCompile-DrT4zU'
gmake: *** [Makefile:127: cmTC_92b93/fast] Error 2


File CheckSymbolExists.cxx:
/* */
#include <sys/event.h>

int main(int argc, char** argv)
{
  (void)argv;
#ifndef kqueue
  return ((int*)(&kqueue))[argc];
#else
  (void)argc;
  return 0;
#endif
}
Determining if files windows.h exist failed with the following output:
Change Dir: /home/lukas/git/notsureyet/client/target/debug/build/libzmq-sys-6233d8a1394670a2/out/build/CMakeFiles/CMakeScratch/TryCompile-SCNnTY

Run Build Command(s):/usr/bin/gmake -f Makefile cmTC_5cf09/fast && /usr/bin/gmake  -f CMakeFiles/cmTC_5cf09.dir/build.make CMakeFiles/cmTC_5cf09.dir/build
gmake[1]: Entering directory '/home/lukas/git/notsureyet/client/target/debug/build/libzmq-sys-6233d8a1394670a2/out/build/CMakeFiles/CMakeScratch/TryCompile-SCNnTY'
Building C object CMakeFiles/cmTC_5cf09.dir/ZMQ_HAVE_WINDOWS.c.o
/usr/bin/cc   -ffunction-sections -fdata-sections -fPIC -m64 -std=gnu11 -Wno-tautological-constant-compare  -o CMakeFiles/cmTC_5cf09.dir/ZMQ_HAVE_WINDOWS.c.o -c /home/lukas/git/notsureyet/client/target/debug/build/libzmq-sys-6233d8a1394670a2/out/build/CMakeFiles/CMakeScratch/TryCompile-SCNnTY/ZMQ_HAVE_WINDOWS.c
/home/lukas/git/notsureyet/client/target/debug/build/libzmq-sys-6233d8a1394670a2/out/build/CMakeFiles/CMakeScratch/TryCompile-SCNnTY/ZMQ_HAVE_WINDOWS.c:2:10: fatal error: windows.h: No such file or directory
    2 | #include <windows.h>
      |          ^~~~~~~~~~~
compilation terminated.
gmake[1]: *** [CMakeFiles/cmTC_5cf09.dir/build.make:78: CMakeFiles/cmTC_5cf09.dir/ZMQ_HAVE_WINDOWS.c.o] Error 1
gmake[1]: Leaving directory '/home/lukas/git/notsureyet/client/target/debug/build/libzmq-sys-6233d8a1394670a2/out/build/CMakeFiles/CMakeScratch/TryCompile-SCNnTY'
gmake: *** [Makefile:127: cmTC_5cf09/fast] Error 2


Source:
/* */
#include <windows.h>


int main(void){return 0;}

Determining if the LOCAL_PEERCRED exist failed with the following output:
Change Dir: /home/lukas/git/notsureyet/client/target/debug/build/libzmq-sys-6233d8a1394670a2/out/build/CMakeFiles/CMakeScratch/TryCompile-W9KJqv

Run Build Command(s):/usr/bin/gmake -f Makefile cmTC_eb357/fast && /usr/bin/gmake  -f CMakeFiles/cmTC_eb357.dir/build.make CMakeFiles/cmTC_eb357.dir/build
gmake[1]: Entering directory '/home/lukas/git/notsureyet/client/target/debug/build/libzmq-sys-6233d8a1394670a2/out/build/CMakeFiles/CMakeScratch/TryCompile-W9KJqv'
Building CXX object CMakeFiles/cmTC_eb357.dir/CheckSymbolExists.cxx.o
/usr/bin/c++   -ffunction-sections -fdata-sections -fPIC -m64 -std=gnu++11 -Wno-tautological-constant-compare  -o CMakeFiles/cmTC_eb357.dir/CheckSymbolExists.cxx.o -c /home/lukas/git/notsureyet/client/target/debug/build/libzmq-sys-6233d8a1394670a2/out/build/CMakeFiles/CMakeScratch/TryCompile-W9KJqv/CheckSymbolExists.cxx
/home/lukas/git/notsureyet/client/target/debug/build/libzmq-sys-6233d8a1394670a2/out/build/CMakeFiles/CMakeScratch/TryCompile-W9KJqv/CheckSymbolExists.cxx: In function 'int main(int, char**)':
/home/lukas/git/notsureyet/client/target/debug/build/libzmq-sys-6233d8a1394670a2/out/build/CMakeFiles/CMakeScratch/TryCompile-W9KJqv/CheckSymbolExists.cxx:8:19: error: 'LOCAL_PEERCRED' was not declared in this scope; did you mean 'SO_PEERCRED'?
    8 |   return ((int*)(&LOCAL_PEERCRED))[argc];
      |                   ^~~~~~~~~~~~~~
      |                   SO_PEERCRED
At global scope:
cc1plus: note: unrecognized command-line option '-Wno-tautological-constant-compare' may have been intended to silence earlier diagnostics
gmake[1]: *** [CMakeFiles/cmTC_eb357.dir/build.make:78: CMakeFiles/cmTC_eb357.dir/CheckSymbolExists.cxx.o] Error 1
gmake[1]: Leaving directory '/home/lukas/git/notsureyet/client/target/debug/build/libzmq-sys-6233d8a1394670a2/out/build/CMakeFiles/CMakeScratch/TryCompile-W9KJqv'
gmake: *** [Makefile:127: cmTC_eb357/fast] Error 2


File CheckSymbolExists.cxx:
/* */
#include <sys/socket.h>

int main(int argc, char** argv)
{
  (void)argv;
#ifndef LOCAL_PEERCRED
  return ((int*)(&LOCAL_PEERCRED))[argc];
#else
  (void)argc;
  return 0;
#endif
}
Determining if the gethrtimei exist failed with the following output:
Change Dir: /home/lukas/git/notsureyet/client/target/debug/build/libzmq-sys-6233d8a1394670a2/out/build/CMakeFiles/CMakeScratch/TryCompile-v5DdMP

Run Build Command(s):/usr/bin/gmake -f Makefile cmTC_9c98e/fast && /usr/bin/gmake  -f CMakeFiles/cmTC_9c98e.dir/build.make CMakeFiles/cmTC_9c98e.dir/build
gmake[1]: Entering directory '/home/lukas/git/notsureyet/client/target/debug/build/libzmq-sys-6233d8a1394670a2/out/build/CMakeFiles/CMakeScratch/TryCompile-v5DdMP'
Building CXX object CMakeFiles/cmTC_9c98e.dir/CheckSymbolExists.cxx.o
/usr/bin/c++   -ffunction-sections -fdata-sections -fPIC -m64 -std=gnu++11 -Wno-tautological-constant-compare  -o CMakeFiles/cmTC_9c98e.dir/CheckSymbolExists.cxx.o -c /home/lukas/git/notsureyet/client/target/debug/build/libzmq-sys-6233d8a1394670a2/out/build/CMakeFiles/CMakeScratch/TryCompile-v5DdMP/CheckSymbolExists.cxx
/home/lukas/git/notsureyet/client/target/debug/build/libzmq-sys-6233d8a1394670a2/out/build/CMakeFiles/CMakeScratch/TryCompile-v5DdMP/CheckSymbolExists.cxx: In function 'int main(int, char**)':
/home/lukas/git/notsureyet/client/target/debug/build/libzmq-sys-6233d8a1394670a2/out/build/CMakeFiles/CMakeScratch/TryCompile-v5DdMP/CheckSymbolExists.cxx:8:19: error: 'gethrtimei' was not declared in this scope; did you mean 'getitimer'?
    8 |   return ((int*)(&gethrtimei))[argc];
      |                   ^~~~~~~~~~
      |                   getitimer
At global scope:
cc1plus: note: unrecognized command-line option '-Wno-tautological-constant-compare' may have been intended to silence earlier diagnostics
gmake[1]: *** [CMakeFiles/cmTC_9c98e.dir/build.make:78: CMakeFiles/cmTC_9c98e.dir/CheckSymbolExists.cxx.o] Error 1
gmake[1]: Leaving directory '/home/lukas/git/notsureyet/client/target/debug/build/libzmq-sys-6233d8a1394670a2/out/build/CMakeFiles/CMakeScratch/TryCompile-v5DdMP'
gmake: *** [Makefile:127: cmTC_9c98e/fast] Error 2


File CheckSymbolExists.cxx:
/* */
#include <sys/time.h>

int main(int argc, char** argv)
{
  (void)argv;
#ifndef gethrtimei
  return ((int*)(&gethrtimei))[argc];
#else
  (void)argc;
  return 0;
#endif
}
Performing C++ SOURCE FILE Test HAVE_FLAG_-Wall failed with the following output:
Change Dir: /home/lukas/git/notsureyet/client/target/debug/build/libzmq-sys-6233d8a1394670a2/out/build/CMakeFiles/CMakeScratch/TryCompile-234wXt

Run Build Command(s):/usr/bin/gmake -f Makefile cmTC_8e917/fast && /usr/bin/gmake  -f CMakeFiles/cmTC_8e917.dir/build.make CMakeFiles/cmTC_8e917.dir/build
gmake[1]: Entering directory '/home/lukas/git/notsureyet/client/target/debug/build/libzmq-sys-6233d8a1394670a2/out/build/CMakeFiles/CMakeScratch/TryCompile-234wXt'
Building CXX object CMakeFiles/cmTC_8e917.dir/src.cxx.o
/usr/bin/c++   -ffunction-sections -fdata-sections -fPIC -m64 -std=gnu++11 -Wno-tautological-constant-compare    -DHAVE_FLAG_-Wall -Wall -o CMakeFiles/cmTC_8e917.dir/src.cxx.o -c /home/lukas/git/notsureyet/client/target/debug/build/libzmq-sys-6233d8a1394670a2/out/build/CMakeFiles/CMakeScratch/TryCompile-234wXt/src.cxx
<command-line>: warning: ISO C++11 requires whitespace after the macro name
cc1plus: note: unrecognized command-line option '-Wno-tautological-constant-compare' may have been intended to silence earlier diagnostics
Linking CXX executable cmTC_8e917
/usr/bin/cmake -E cmake_link_script CMakeFiles/cmTC_8e917.dir/link.txt --verbose=1
/usr/bin/c++  -ffunction-sections -fdata-sections -fPIC -m64 -std=gnu++11 -Wno-tautological-constant-compare  -rdynamic CMakeFiles/cmTC_8e917.dir/src.cxx.o -o cmTC_8e917 
gmake[1]: Leaving directory '/home/lukas/git/notsureyet/client/target/debug/build/libzmq-sys-6233d8a1394670a2/out/build/CMakeFiles/CMakeScratch/TryCompile-234wXt'


Source file was:
int main() { return 0; }

Performing C++ SOURCE FILE Test HAVE_FLAG_-Wextra failed with the following output:
Change Dir: /home/lukas/git/notsureyet/client/target/debug/build/libzmq-sys-6233d8a1394670a2/out/build/CMakeFiles/CMakeScratch/TryCompile-Y0GFz6

Run Build Command(s):/usr/bin/gmake -f Makefile cmTC_d54ea/fast && /usr/bin/gmake  -f CMakeFiles/cmTC_d54ea.dir/build.make CMakeFiles/cmTC_d54ea.dir/build
gmake[1]: Entering directory '/home/lukas/git/notsureyet/client/target/debug/build/libzmq-sys-6233d8a1394670a2/out/build/CMakeFiles/CMakeScratch/TryCompile-Y0GFz6'
Building CXX object CMakeFiles/cmTC_d54ea.dir/src.cxx.o
/usr/bin/c++   -ffunction-sections -fdata-sections -fPIC -m64 -std=gnu++11 -Wno-tautological-constant-compare    -DHAVE_FLAG_-Wextra -Wextra -o CMakeFiles/cmTC_d54ea.dir/src.cxx.o -c /home/lukas/git/notsureyet/client/target/debug/build/libzmq-sys-6233d8a1394670a2/out/build/CMakeFiles/CMakeScratch/TryCompile-Y0GFz6/src.cxx
<command-line>: warning: ISO C++11 requires whitespace after the macro name
cc1plus: note: unrecognized command-line option '-Wno-tautological-constant-compare' may have been intended to silence earlier diagnostics
Linking CXX executable cmTC_d54ea
/usr/bin/cmake -E cmake_link_script CMakeFiles/cmTC_d54ea.dir/link.txt --verbose=1
/usr/bin/c++  -ffunction-sections -fdata-sections -fPIC -m64 -std=gnu++11 -Wno-tautological-constant-compare  -rdynamic CMakeFiles/cmTC_d54ea.dir/src.cxx.o -o cmTC_d54ea 
gmake[1]: Leaving directory '/home/lukas/git/notsureyet/client/target/debug/build/libzmq-sys-6233d8a1394670a2/out/build/CMakeFiles/CMakeScratch/TryCompile-Y0GFz6'


Source file was:
int main() { return 0; }

Performing C++ SOURCE FILE Test HAVE_FLAG_-Wno-long-long failed with the following output:
Change Dir: /home/lukas/git/notsureyet/client/target/debug/build/libzmq-sys-6233d8a1394670a2/out/build/CMakeFiles/CMakeScratch/TryCompile-Qqbbo4

Run Build Command(s):/usr/bin/gmake -f Makefile cmTC_e87c5/fast && /usr/bin/gmake  -f CMakeFiles/cmTC_e87c5.dir/build.make CMakeFiles/cmTC_e87c5.dir/build
gmake[1]: Entering directory '/home/lukas/git/notsureyet/client/target/debug/build/libzmq-sys-6233d8a1394670a2/out/build/CMakeFiles/CMakeScratch/TryCompile-Qqbbo4'
Building CXX object CMakeFiles/cmTC_e87c5.dir/src.cxx.o
/usr/bin/c++   -ffunction-sections -fdata-sections -fPIC -m64 -std=gnu++11 -Wno-tautological-constant-compare    -DHAVE_FLAG_-Wno-long-long -Wno-long-long -o CMakeFiles/cmTC_e87c5.dir/src.cxx.o -c /home/lukas/git/notsureyet/client/target/debug/build/libzmq-sys-6233d8a1394670a2/out/build/CMakeFiles/CMakeScratch/TryCompile-Qqbbo4/src.cxx
<command-line>: warning: ISO C++11 requires whitespace after the macro name
cc1plus: note: unrecognized command-line option '-Wno-tautological-constant-compare' may have been intended to silence earlier diagnostics
Linking CXX executable cmTC_e87c5
/usr/bin/cmake -E cmake_link_script CMakeFiles/cmTC_e87c5.dir/link.txt --verbose=1
/usr/bin/c++  -ffunction-sections -fdata-sections -fPIC -m64 -std=gnu++11 -Wno-tautological-constant-compare  -rdynamic CMakeFiles/cmTC_e87c5.dir/src.cxx.o -o cmTC_e87c5 
gmake[1]: Leaving directory '/home/lukas/git/notsureyet/client/target/debug/build/libzmq-sys-6233d8a1394670a2/out/build/CMakeFiles/CMakeScratch/TryCompile-Qqbbo4'


Source file was:
int main() { return 0; }

Performing C++ SOURCE FILE Test HAVE_FLAG_-Wno-uninitialized failed with the following output:
Change Dir: /home/lukas/git/notsureyet/client/target/debug/build/libzmq-sys-6233d8a1394670a2/out/build/CMakeFiles/CMakeScratch/TryCompile-IKimDZ

Run Build Command(s):/usr/bin/gmake -f Makefile cmTC_a905c/fast && /usr/bin/gmake  -f CMakeFiles/cmTC_a905c.dir/build.make CMakeFiles/cmTC_a905c.dir/build
gmake[1]: Entering directory '/home/lukas/git/notsureyet/client/target/debug/build/libzmq-sys-6233d8a1394670a2/out/build/CMakeFiles/CMakeScratch/TryCompile-IKimDZ'
Building CXX object CMakeFiles/cmTC_a905c.dir/src.cxx.o
/usr/bin/c++   -ffunction-sections -fdata-sections -fPIC -m64 -std=gnu++11 -Wno-tautological-constant-compare    -DHAVE_FLAG_-Wno-uninitialized -Wno-uninitialized -o CMakeFiles/cmTC_a905c.dir/src.cxx.o -c /home/lukas/git/notsureyet/client/target/debug/build/libzmq-sys-6233d8a1394670a2/out/build/CMakeFiles/CMakeScratch/TryCompile-IKimDZ/src.cxx
<command-line>: warning: ISO C++11 requires whitespace after the macro name
cc1plus: note: unrecognized command-line option '-Wno-tautological-constant-compare' may have been intended to silence earlier diagnostics
Linking CXX executable cmTC_a905c
/usr/bin/cmake -E cmake_link_script CMakeFiles/cmTC_a905c.dir/link.txt --verbose=1
/usr/bin/c++  -ffunction-sections -fdata-sections -fPIC -m64 -std=gnu++11 -Wno-tautological-constant-compare  -rdynamic CMakeFiles/cmTC_a905c.dir/src.cxx.o -o cmTC_a905c 
gmake[1]: Leaving directory '/home/lukas/git/notsureyet/client/target/debug/build/libzmq-sys-6233d8a1394670a2/out/build/CMakeFiles/CMakeScratch/TryCompile-IKimDZ'


Source file was:
int main() { return 0; }

Performing C++ SOURCE FILE Test HAVE_FLAG_-pedantic failed with the following output:
Change Dir: /home/lukas/git/notsureyet/client/target/debug/build/libzmq-sys-6233d8a1394670a2/out/build/CMakeFiles/CMakeScratch/TryCompile-0qPyNf

Run Build Command(s):/usr/bin/gmake -f Makefile cmTC_350b6/fast && /usr/bin/gmake  -f CMakeFiles/cmTC_350b6.dir/build.make CMakeFiles/cmTC_350b6.dir/build
gmake[1]: Entering directory '/home/lukas/git/notsureyet/client/target/debug/build/libzmq-sys-6233d8a1394670a2/out/build/CMakeFiles/CMakeScratch/TryCompile-0qPyNf'
Building CXX object CMakeFiles/cmTC_350b6.dir/src.cxx.o
/usr/bin/c++   -ffunction-sections -fdata-sections -fPIC -m64 -std=gnu++11 -Wno-tautological-constant-compare    -DHAVE_FLAG_-pedantic -pedantic -o CMakeFiles/cmTC_350b6.dir/src.cxx.o -c /home/lukas/git/notsureyet/client/target/debug/build/libzmq-sys-6233d8a1394670a2/out/build/CMakeFiles/CMakeScratch/TryCompile-0qPyNf/src.cxx
<command-line>: warning: ISO C++11 requires whitespace after the macro name
cc1plus: note: unrecognized command-line option '-Wno-tautological-constant-compare' may have been intended to silence earlier diagnostics
Linking CXX executable cmTC_350b6
/usr/bin/cmake -E cmake_link_script CMakeFiles/cmTC_350b6.dir/link.txt --verbose=1
/usr/bin/c++  -ffunction-sections -fdata-sections -fPIC -m64 -std=gnu++11 -Wno-tautological-constant-compare  -rdynamic CMakeFiles/cmTC_350b6.dir/src.cxx.o -o cmTC_350b6 
gmake[1]: Leaving directory '/home/lukas/git/notsureyet/client/target/debug/build/libzmq-sys-6233d8a1394670a2/out/build/CMakeFiles/CMakeScratch/TryCompile-0qPyNf'


Source file was:
int main() { return 0; }

Performing C SOURCE FILE Test ZMQ_HAVE_TCP_KEEPALIVE failed with the following compile output:
Change Dir: /home/lukas/git/notsureyet/client/target/debug/build/libzmq-sys-6233d8a1394670a2/out/build/CMakeFiles/CMakeScratch/TryCompile-Lrm9MM

Run Build Command(s):/usr/bin/gmake -f Makefile cmTC_5fd47/fast && /usr/bin/gmake  -f CMakeFiles/cmTC_5fd47.dir/build.make CMakeFiles/cmTC_5fd47.dir/build
gmake[1]: Entering directory '/home/lukas/git/notsureyet/client/target/debug/build/libzmq-sys-6233d8a1394670a2/out/build/CMakeFiles/CMakeScratch/TryCompile-Lrm9MM'
Building C object CMakeFiles/cmTC_5fd47.dir/src.c.o
/usr/bin/cc -DZMQ_HAVE_TCP_KEEPALIVE  -ffunction-sections -fdata-sections -fPIC -m64 -std=gnu11 -Wno-tautological-constant-compare  -o CMakeFiles/cmTC_5fd47.dir/src.c.o -c /home/lukas/git/notsureyet/client/target/debug/build/libzmq-sys-6233d8a1394670a2/out/build/CMakeFiles/CMakeScratch/TryCompile-Lrm9MM/src.c
/home/lukas/git/notsureyet/client/target/debug/build/libzmq-sys-6233d8a1394670a2/out/build/CMakeFiles/CMakeScratch/TryCompile-Lrm9MM/src.c: In function 'main':
/home/lukas/git/notsureyet/client/target/debug/build/libzmq-sys-6233d8a1394670a2/out/build/CMakeFiles/CMakeScratch/TryCompile-Lrm9MM/src.c:13:42: error: 'TCP_KEEPALIVE' undeclared (first use in this function); did you mean 'SO_KEEPALIVE'?
   13 |        ((rc = setsockopt(s, IPPROTO_TCP, TCP_KEEPALIVE,(char*) &opt, sizeof(int))) == -1)
      |                                          ^~~~~~~~~~~~~
      |                                          SO_KEEPALIVE
/home/lukas/git/notsureyet/client/target/debug/build/libzmq-sys-6233d8a1394670a2/out/build/CMakeFiles/CMakeScratch/TryCompile-Lrm9MM/src.c:13:42: note: each undeclared identifier is reported only once for each function it appears in
At top level:
cc1: note: unrecognized command-line option '-Wno-tautological-constant-compare' may have been intended to silence earlier diagnostics
gmake[1]: *** [CMakeFiles/cmTC_5fd47.dir/build.make:78: CMakeFiles/cmTC_5fd47.dir/src.c.o] Error 1
gmake[1]: Leaving directory '/home/lukas/git/notsureyet/client/target/debug/build/libzmq-sys-6233d8a1394670a2/out/build/CMakeFiles/CMakeScratch/TryCompile-Lrm9MM'
gmake: *** [Makefile:127: cmTC_5fd47/fast] Error 2


...and run output:

Return value: 1
Source file was:

#include <sys/types.h>
#include <sys/socket.h>
#include <netinet/in.h>
#include <netinet/tcp.h>

int main(int argc, char *argv [])
{
    int s, rc, opt = 1;
    return(
       ((s = socket(PF_INET, SOCK_STREAM, 0)) == -1) ||
       ((rc = setsockopt(s, SOL_SOCKET, SO_KEEPALIVE,(char*) &opt, sizeof(int))) == -1) ||
       ((rc = setsockopt(s, IPPROTO_TCP, TCP_KEEPALIVE,(char*) &opt, sizeof(int))) == -1)
    );
}


Performing C SOURCE FILE Test ZMQ_HAVE_PTHREAD_SETNAME_1 failed with the following compile output:
Change Dir: /home/lukas/git/notsureyet/client/target/debug/build/libzmq-sys-6233d8a1394670a2/out/build/CMakeFiles/CMakeScratch/TryCompile-jHzR9T

Run Build Command(s):/usr/bin/gmake -f Makefile cmTC_bdace/fast && /usr/bin/gmake  -f CMakeFiles/cmTC_bdace.dir/build.make CMakeFiles/cmTC_bdace.dir/build
gmake[1]: Entering directory '/home/lukas/git/notsureyet/client/target/debug/build/libzmq-sys-6233d8a1394670a2/out/build/CMakeFiles/CMakeScratch/TryCompile-jHzR9T'
Building C object CMakeFiles/cmTC_bdace.dir/src.c.o
/usr/bin/cc -DZMQ_HAVE_PTHREAD_SETNAME_1  -ffunction-sections -fdata-sections -fPIC -m64 -std=gnu11 -Wno-tautological-constant-compare -D_GNU_SOURCE -Werror -pthread -o CMakeFiles/cmTC_bdace.dir/src.c.o -c /home/lukas/git/notsureyet/client/target/debug/build/libzmq-sys-6233d8a1394670a2/out/build/CMakeFiles/CMakeScratch/TryCompile-jHzR9T/src.c
/home/lukas/git/notsureyet/client/target/debug/build/libzmq-sys-6233d8a1394670a2/out/build/CMakeFiles/CMakeScratch/TryCompile-jHzR9T/src.c: In function 'main':
/home/lukas/git/notsureyet/client/target/debug/build/libzmq-sys-6233d8a1394670a2/out/build/CMakeFiles/CMakeScratch/TryCompile-jHzR9T/src.c:6:25: error: passing argument 1 of 'pthread_setname_np' makes integer from pointer without a cast [-Werror=int-conversion]
    6 |     pthread_setname_np ("foo");
      |                         ^~~~~
      |                         |
      |                         char *
In file included from /home/lukas/git/notsureyet/client/target/debug/build/libzmq-sys-6233d8a1394670a2/out/build/CMakeFiles/CMakeScratch/TryCompile-jHzR9T/src.c:2:
/usr/include/pthread.h:463:42: note: expected 'pthread_t' {aka 'long unsigned int'} but argument is of type 'char *'
  463 | extern int pthread_setname_np (pthread_t __target_thread, const char *__name)
      |                                ~~~~~~~~~~^~~~~~~~~~~~~~~
/home/lukas/git/notsureyet/client/target/debug/build/libzmq-sys-6233d8a1394670a2/out/build/CMakeFiles/CMakeScratch/TryCompile-jHzR9T/src.c:6:5: error: too few arguments to function 'pthread_setname_np'
    6 |     pthread_setname_np ("foo");
      |     ^~~~~~~~~~~~~~~~~~
/usr/include/pthread.h:463:12: note: declared here
  463 | extern int pthread_setname_np (pthread_t __target_thread, const char *__name)
      |            ^~~~~~~~~~~~~~~~~~
At top level:
cc1: note: unrecognized command-line option '-Wno-tautological-constant-compare' may have been intended to silence earlier diagnostics
cc1: all warnings being treated as errors
gmake[1]: *** [CMakeFiles/cmTC_bdace.dir/build.make:78: CMakeFiles/cmTC_bdace.dir/src.c.o] Error 1
gmake[1]: Leaving directory '/home/lukas/git/notsureyet/client/target/debug/build/libzmq-sys-6233d8a1394670a2/out/build/CMakeFiles/CMakeScratch/TryCompile-jHzR9T'
gmake: *** [Makefile:127: cmTC_bdace/fast] Error 2


...and run output:

Return value: 1
Source file was:

#include <pthread.h>

int main(int argc, char *argv [])
{
    pthread_setname_np ("foo");
    return 0;
}


Performing C SOURCE FILE Test ZMQ_HAVE_PTHREAD_SETNAME_3 failed with the following compile output:
Change Dir: /home/lukas/git/notsureyet/client/target/debug/build/libzmq-sys-6233d8a1394670a2/out/build/CMakeFiles/CMakeScratch/TryCompile-cgUEZG

Run Build Command(s):/usr/bin/gmake -f Makefile cmTC_8b438/fast && /usr/bin/gmake  -f CMakeFiles/cmTC_8b438.dir/build.make CMakeFiles/cmTC_8b438.dir/build
gmake[1]: Entering directory '/home/lukas/git/notsureyet/client/target/debug/build/libzmq-sys-6233d8a1394670a2/out/build/CMakeFiles/CMakeScratch/TryCompile-cgUEZG'
Building C object CMakeFiles/cmTC_8b438.dir/src.c.o
/usr/bin/cc -DZMQ_HAVE_PTHREAD_SETNAME_3  -ffunction-sections -fdata-sections -fPIC -m64 -std=gnu11 -Wno-tautological-constant-compare -D_GNU_SOURCE -Werror -pthread -o CMakeFiles/cmTC_8b438.dir/src.c.o -c /home/lukas/git/notsureyet/client/target/debug/build/libzmq-sys-6233d8a1394670a2/out/build/CMakeFiles/CMakeScratch/TryCompile-cgUEZG/src.c
/home/lukas/git/notsureyet/client/target/debug/build/libzmq-sys-6233d8a1394670a2/out/build/CMakeFiles/CMakeScratch/TryCompile-cgUEZG/src.c: In function 'main':
/home/lukas/git/notsureyet/client/target/debug/build/libzmq-sys-6233d8a1394670a2/out/build/CMakeFiles/CMakeScratch/TryCompile-cgUEZG/src.c:6:5: error: too many arguments to function 'pthread_setname_np'
    6 |     pthread_setname_np (pthread_self(), "foo", (void *)0);
      |     ^~~~~~~~~~~~~~~~~~
In file included from /home/lukas/git/notsureyet/client/target/debug/build/libzmq-sys-6233d8a1394670a2/out/build/CMakeFiles/CMakeScratch/TryCompile-cgUEZG/src.c:2:
/usr/include/pthread.h:463:12: note: declared here
  463 | extern int pthread_setname_np (pthread_t __target_thread, const char *__name)
      |            ^~~~~~~~~~~~~~~~~~
At top level:
cc1: note: unrecognized command-line option '-Wno-tautological-constant-compare' may have been intended to silence earlier diagnostics
gmake[1]: *** [CMakeFiles/cmTC_8b438.dir/build.make:78: CMakeFiles/cmTC_8b438.dir/src.c.o] Error 1
gmake[1]: Leaving directory '/home/lukas/git/notsureyet/client/target/debug/build/libzmq-sys-6233d8a1394670a2/out/build/CMakeFiles/CMakeScratch/TryCompile-cgUEZG'
gmake: *** [Makefile:127: cmTC_8b438/fast] Error 2


...and run output:

Return value: 1
Source file was:

#include <pthread.h>

int main(int argc, char *argv [])
{
    pthread_setname_np (pthread_self(), "foo", (void *)0);
    return 0;
}


Performing C SOURCE FILE Test ZMQ_HAVE_PTHREAD_SET_NAME failed with the following compile output:
Change Dir: /home/lukas/git/notsureyet/client/target/debug/build/libzmq-sys-6233d8a1394670a2/out/build/CMakeFiles/CMakeScratch/TryCompile-6oCeVa

Run Build Command(s):/usr/bin/gmake -f Makefile cmTC_cea11/fast && /usr/bin/gmake  -f CMakeFiles/cmTC_cea11.dir/build.make CMakeFiles/cmTC_cea11.dir/build
gmake[1]: Entering directory '/home/lukas/git/notsureyet/client/target/debug/build/libzmq-sys-6233d8a1394670a2/out/build/CMakeFiles/CMakeScratch/TryCompile-6oCeVa'
Building C object CMakeFiles/cmTC_cea11.dir/src.c.o
/usr/bin/cc -DZMQ_HAVE_PTHREAD_SET_NAME  -ffunction-sections -fdata-sections -fPIC -m64 -std=gnu11 -Wno-tautological-constant-compare -D_GNU_SOURCE -Werror -pthread -o CMakeFiles/cmTC_cea11.dir/src.c.o -c /home/lukas/git/notsureyet/client/target/debug/build/libzmq-sys-6233d8a1394670a2/out/build/CMakeFiles/CMakeScratch/TryCompile-6oCeVa/src.c
/home/lukas/git/notsureyet/client/target/debug/build/libzmq-sys-6233d8a1394670a2/out/build/CMakeFiles/CMakeScratch/TryCompile-6oCeVa/src.c: In function 'main':
/home/lukas/git/notsureyet/client/target/debug/build/libzmq-sys-6233d8a1394670a2/out/build/CMakeFiles/CMakeScratch/TryCompile-6oCeVa/src.c:6:5: error: implicit declaration of function 'pthread_set_name_np'; did you mean 'pthread_setname_np'? [-Werror=implicit-function-declaration]
    6 |     pthread_set_name_np (pthread_self(), "foo");
      |     ^~~~~~~~~~~~~~~~~~~
      |     pthread_setname_np
At top level:
cc1: note: unrecognized command-line option '-Wno-tautological-constant-compare' may have been intended to silence earlier diagnostics
cc1: all warnings being treated as errors
gmake[1]: *** [CMakeFiles/cmTC_cea11.dir/build.make:78: CMakeFiles/cmTC_cea11.dir/src.c.o] Error 1
gmake[1]: Leaving directory '/home/lukas/git/notsureyet/client/target/debug/build/libzmq-sys-6233d8a1394670a2/out/build/CMakeFiles/CMakeScratch/TryCompile-6oCeVa'
gmake: *** [Makefile:127: cmTC_cea11/fast] Error 2


...and run output:

Return value: 1
Source file was:

#include <pthread.h>

int main(int argc, char *argv [])
{
    pthread_set_name_np (pthread_self(), "foo");
    return 0;
}


